<?xml version="1.0" encoding="UTF-8"?>
<testng-results skipped="0" failed="0" total="1" passed="1">
  <reporter-output>
  </reporter-output>
  <suite name="Default suite" duration-ms="44" started-at="2019-07-30T09:13:33Z" finished-at="2019-07-30T09:13:33Z">
    <groups>
    </groups>
    <test name="Default test" duration-ms="44" started-at="2019-07-30T09:13:33Z" finished-at="2019-07-30T09:13:33Z">
      <class name="TimeAndDate.SystemTimeAndDate">
        <test-method status="PASS" signature="sysTime()[pri:0, instance:TimeAndDate.SystemTimeAndDate@8b7f67]" name="sysTime" duration-ms="23" started-at="2019-07-30T14:43:33Z" finished-at="2019-07-30T14:43:33Z">
          <reporter-output>
          </reporter-output>
        </test-method> <!-- sysTime -->
      </class> <!-- TimeAndDate.SystemTimeAndDate -->
    </test> <!-- Default test -->
  </suite> <!-- Default suite -->
</testng-results>
